<?xml version="1.0" encoding="UTF-8"?>
<!-- Generated by org.testng.reporters.JUnitReportReporter -->
<testsuite hostname="DESKTOP-VIEUAQD" failures="0" tests="1" name="sampleclasses.Log_Inpages" time="0.012" errors="0" timestamp="2022-07-20T05:21:47 IST" skipped="0">
  <testcase classname="sampleclasses.Log_Inpages" name="practice4Test" time="0.012"/>
  <system-out>
    <![CDATA[Tyss-->test4]]>
  </system-out>
</testsuite> <!-- sampleclasses.Log_Inpages -->
